<?xml version="1.0" encoding="UTF-8"?>
<testng-results skipped="0" failed="0" total="1" passed="1">
  <reporter-output>
  </reporter-output>
  <suite name="Default suite" duration-ms="36" started-at="2017-09-22T11:48:17Z" finished-at="2017-09-22T11:48:17Z">
    <groups>
    </groups>
    <test name="Default test" duration-ms="36" started-at="2017-09-22T11:48:17Z" finished-at="2017-09-22T11:48:17Z">
      <class name="com.qlk.inter.InterfaceTestNG">
        <test-method status="PASS" signature="ssss()[pri:0, instance:com.qlk.inter.InterfaceTestNG@14811a37]" name="ssss" duration-ms="15" started-at="2017-09-22T19:48:17Z" finished-at="2017-09-22T19:48:17Z">
          <reporter-output>
          </reporter-output>
        </test-method> <!-- ssss -->
      </class> <!-- com.qlk.inter.InterfaceTestNG -->
    </test> <!-- Default test -->
  </suite> <!-- Default suite -->
</testng-results>
